events.js:288
      throw er; // Unhandled 'error' event
      ^

Error: listen EADDRINUSE: address already in use 0.0.0.0:3000
    at Server.setupListenHandle [as _listen2] (net.js:1309:16)
    at listenInCluster (net.js:1357:12)
    at doListen (net.js:1496:7)
    at processTicksAndRejections (internal/process/task_queues.js:85:21)
Emitted 'error' event on Server instance at:
    at emitErrorNT (net.js:1336:8)
    at processTicksAndRejections (internal/process/task_queues.js:84:21) {
  code: 'EADDRINUSE',
  errno: 'EADDRINUSE',
  syscall: 'listen',
  address: '0.0.0.0',
  port: 3000
}
events.js:288
      throw er; // Unhandled 'error' event
      ^

Error: listen EADDRINUSE: address already in use 0.0.0.0:3000
    at Server.setupListenHandle [as _listen2] (net.js:1309:16)
    at listenInCluster (net.js:1357:12)
    at doListen (net.js:1496:7)
    at processTicksAndRejections (internal/process/task_queues.js:85:21)
Emitted 'error' event on Server instance at:
    at emitErrorNT (net.js:1336:8)
    at processTicksAndRejections (internal/process/task_queues.js:84:21) {
  code: 'EADDRINUSE',
  errno: 'EADDRINUSE',
  syscall: 'listen',
  address: '0.0.0.0',
  port: 3000
}
events.js:288
      throw er; // Unhandled 'error' event
      ^

Error: listen EADDRINUSE: address already in use 0.0.0.0:3000
    at Server.setupListenHandle [as _listen2] (net.js:1309:16)
    at listenInCluster (net.js:1357:12)
    at doListen (net.js:1496:7)
    at processTicksAndRejections (internal/process/task_queues.js:85:21)
Emitted 'error' event on Server instance at:
    at emitErrorNT (net.js:1336:8)
    at processTicksAndRejections (internal/process/task_queues.js:84:21) {
  code: 'EADDRINUSE',
  errno: 'EADDRINUSE',
  syscall: 'listen',
  address: '0.0.0.0',
  port: 3000
}
Error: Cannot find module '../../lib/pingpp'
Require stack:
- D:\www\project\nodeSocket\src\api\pay\index.js
- D:\www\project\nodeSocket\bin\router\index.js
- D:\www\project\nodeSocket\app.js
    at Function.Module._resolveFilename (internal/modules/cjs/loader.js:982:15)
    at Function.Module._load (internal/modules/cjs/loader.js:864:27)
    at Module.require (internal/modules/cjs/loader.js:1044:19)
    at require (internal/modules/cjs/helpers.js:77:18)
    at Object.<anonymous> (D:\www\project\nodeSocket\src\api\pay\index.js:12:14)
    at Module._compile (internal/modules/cjs/loader.js:1158:30)
    at Object.Module._extensions..js (internal/modules/cjs/loader.js:1178:10)
    at Module.load (internal/modules/cjs/loader.js:1002:32)
    at Function.Module._load (internal/modules/cjs/loader.js:901:14)
    at Module.require (internal/modules/cjs/loader.js:1044:19)
Error: Cannot find module '../package.json'
Require stack:
- D:\www\project\nodeSocket\src\api\pay\pingpp.js
- D:\www\project\nodeSocket\src\api\pay\index.js
- D:\www\project\nodeSocket\bin\router\index.js
- D:\www\project\nodeSocket\app.js
    at Function.Module._resolveFilename (internal/modules/cjs/loader.js:982:15)
    at Function.Module._load (internal/modules/cjs/loader.js:864:27)
    at Module.require (internal/modules/cjs/loader.js:1044:19)
    at require (internal/modules/cjs/helpers.js:77:18)
    at Object.<anonymous> (D:\www\project\nodeSocket\src\api\pay\pingpp.js:10:26)
    at Module._compile (internal/modules/cjs/loader.js:1158:30)
    at Object.Module._extensions..js (internal/modules/cjs/loader.js:1178:10)
    at Module.load (internal/modules/cjs/loader.js:1002:32)
    at Function.Module._load (internal/modules/cjs/loader.js:901:14)
    at Module.require (internal/modules/cjs/loader.js:1044:19)
Error: ENOENT: no such file or directory, open 'D:\www\project\nodeSocket\src\api\pay\pingpp\your_rsa_private_key.pem'
    at Object.openSync (fs.js:457:3)
    at Object.readFileSync (fs.js:359:35)
    at Pingpp.setPrivateKeyPath (D:\www\project\nodeSocket\src\api\pay\pingpp\index.js:170:27)
    at Object.<anonymous> (D:\www\project\nodeSocket\src\api\pay\index.js:14:8)
    at Module._compile (internal/modules/cjs/loader.js:1158:30)
    at Object.Module._extensions..js (internal/modules/cjs/loader.js:1178:10)
    at Module.load (internal/modules/cjs/loader.js:1002:32)
    at Function.Module._load (internal/modules/cjs/loader.js:901:14)
    at Module.require (internal/modules/cjs/loader.js:1044:19)
    at require (internal/modules/cjs/helpers.js:77:18)
